<?xml version="1.0" encoding="UTF-8"?>
<testng-results ignored="0" total="1" passed="1" failed="0" skipped="0">
  <reporter-output>
  </reporter-output>
  <suite started-at="2023-05-10T10:29:47 IST" name="Default suite" finished-at="2023-05-10T10:29:59 IST" duration-ms="12037">
    <groups>
    </groups>
    <test started-at="2023-05-10T10:29:47 IST" name="Default test" finished-at="2023-05-10T10:29:59 IST" duration-ms="12037">
      <class name="FirstGet">
        <test-method signature="testcase01()[pri:0, instance:FirstGet@3daa422a]" started-at="2023-05-10T10:29:47 IST" name="testcase01" finished-at="2023-05-10T10:29:59 IST" duration-ms="11774" status="PASS">
          <reporter-output>
          </reporter-output>
        </test-method> <!-- testcase01 -->
      </class> <!-- FirstGet -->
    </test> <!-- Default test -->
  </suite> <!-- Default suite -->
</testng-results>
